

Started GET "/home" for 127.0.0.1 at Thu Apr 28 14:39:54 +0100 2011

ActionController::RoutingError (No route matches "/home"):
  

Rendered /Users/ryan/.rvm/gems/ruby-1.8.7-p302@rails3/gems/actionpack-3.0.7/lib/action_dispatch/middleware/templates/rescues/routing_error.erb within rescues/layout (0.9ms)


Started GET "/home" for 127.0.0.1 at Thu Apr 28 15:06:29 +0100 2011

ActionController::RoutingError (No route matches "/home"):
  

Rendered /Users/ryan/.rvm/gems/ruby-1.8.7-p302@rails3/gems/actionpack-3.0.7/lib/action_dispatch/middleware/templates/rescues/routing_error.erb within rescues/layout (0.7ms)


Started GET "/home/index" for 127.0.0.1 at Thu Apr 28 15:06:33 +0100 2011
  Processing by HomeController#index as HTML
Completed   in 4ms

ActionView::MissingTemplate (Missing template home/index with {:handlers=>[:rjs, :erb, :rhtml, :haml, :rxml, :builder], :locale=>[:en, :en], :formats=>[:html]} in view paths "/Users/ryan/development/rails3/vanilla-rails3-app/vanilla/app/views"):
  

Rendered /Users/ryan/.rvm/gems/ruby-1.8.7-p302@rails3/gems/actionpack-3.0.7/lib/action_dispatch/middleware/templates/rescues/missing_template.erb within rescues/layout (0.5ms)


Started GET "/home/index" for 127.0.0.1 at Thu Apr 28 15:06:57 +0100 2011
  Processing by HomeController#index as HTML
Rendered home/index.html.haml within layouts/application (2.7ms)
Completed 200 OK in 8ms (Views: 7.6ms | ActiveRecord: 0.0ms)


Started GET "/home/index" for 127.0.0.1 at Thu Apr 28 15:08:01 +0100 2011
  Processing by HomeController#index as HTML
Rendered home/index.html.haml within layouts/application (2.4ms)
Completed 200 OK in 7ms (Views: 7.1ms | ActiveRecord: 0.0ms)


Started GET "/home" for 127.0.0.1 at Thu Apr 28 15:09:00 +0100 2011
  Processing by HomeController#index as HTML
Rendered home/index.html.haml within layouts/application (2.3ms)
Completed 200 OK in 7ms (Views: 6.7ms | ActiveRecord: 0.0ms)


Started GET "/" for 127.0.0.1 at Thu Apr 28 15:10:29 +0100 2011
  Processing by HomeController#index as HTML
Rendered home/index.html.haml within layouts/application (2.5ms)
Completed 200 OK in 7ms (Views: 7.0ms | ActiveRecord: 0.0ms)


Started GET "/" for 127.0.0.1 at Thu Apr 28 15:44:33 +0100 2011
  Processing by HomeController#index as HTML
Rendered home/index.html.haml within layouts/application (2.3ms)
Completed 200 OK in 7ms (Views: 6.7ms | ActiveRecord: 0.0ms)


Started GET "/" for 127.0.0.1 at Thu Apr 28 15:45:01 +0100 2011
  Processing by HomeController#index as HTML
Rendered home/index.html.haml within layouts/application (2.6ms)
Completed 200 OK in 8ms (Views: 7.7ms | ActiveRecord: 0.0ms)


Started GET "/" for 127.0.0.1 at Thu Apr 28 15:45:02 +0100 2011
  Processing by HomeController#index as HTML
Rendered home/index.html.haml within layouts/application (2.4ms)
Completed 200 OK in 7ms (Views: 7.0ms | ActiveRecord: 0.0ms)


Started GET "/" for 127.0.0.1 at Thu Apr 28 15:45:02 +0100 2011
  Processing by HomeController#index as HTML
Rendered home/index.html.haml within layouts/application (2.3ms)
Completed 200 OK in 7ms (Views: 7.0ms | ActiveRecord: 0.0ms)


Started GET "/" for 127.0.0.1 at Thu Apr 28 15:45:48 +0100 2011
  Processing by HomeController#index as HTML
Rendered home/index.html.haml within layouts/application (3.8ms)
Completed 200 OK in 9ms (Views: 8.7ms | ActiveRecord: 0.0ms)


Started GET "/?page=2" for 127.0.0.1 at Thu Apr 28 15:45:57 +0100 2011
  Processing by HomeController#index as HTML
  Parameters: {"page"=>"2"}
Rendered home/index.html.haml within layouts/application (3.4ms)
Completed 200 OK in 8ms (Views: 8.0ms | ActiveRecord: 0.0ms)


Started GET "/?page=2" for 127.0.0.1 at Thu Apr 28 15:46:02 +0100 2011
  Processing by HomeController#index as HTML
  Parameters: {"page"=>"2"}
Rendered home/index.html.haml within layouts/application (3.9ms)
Completed 200 OK in 9ms (Views: 8.6ms | ActiveRecord: 0.0ms)


Started GET "/?page=2" for 127.0.0.1 at Thu Apr 28 15:46:03 +0100 2011
  Processing by HomeController#index as HTML
  Parameters: {"page"=>"2"}
Rendered home/index.html.haml within layouts/application (4.1ms)
Completed 200 OK in 56ms (Views: 55.8ms | ActiveRecord: 0.0ms)


Started GET "/?page=2" for 127.0.0.1 at Thu Apr 28 15:46:05 +0100 2011
  Processing by HomeController#index as HTML
  Parameters: {"page"=>"2"}
Rendered home/index.html.haml within layouts/application (3.6ms)
Completed 200 OK in 8ms (Views: 8.0ms | ActiveRecord: 0.0ms)


Started GET "/?page=3" for 127.0.0.1 at Thu Apr 28 15:46:06 +0100 2011
  Processing by HomeController#index as HTML
  Parameters: {"page"=>"3"}
Rendered home/index.html.haml within layouts/application (3.7ms)
Completed 200 OK in 9ms (Views: 8.5ms | ActiveRecord: 0.0ms)


Started GET "/?page=2" for 127.0.0.1 at Thu Apr 28 15:46:08 +0100 2011
  Processing by HomeController#index as HTML
  Parameters: {"page"=>"2"}
Rendered home/index.html.haml within layouts/application (3.5ms)
Completed 200 OK in 9ms (Views: 8.3ms | ActiveRecord: 0.0ms)


Started GET "/?page=2" for 127.0.0.1 at Thu Apr 28 15:49:56 +0100 2011
  Processing by HomeController#index as HTML
  Parameters: {"page"=>"2"}
Rendered home/index.html.haml within layouts/application (4.3ms)
Completed 200 OK in 9ms (Views: 8.8ms | ActiveRecord: 0.0ms)


Started GET "/?page=2" for 127.0.0.1 at Thu Apr 28 15:50:26 +0100 2011
  Processing by HomeController#index as HTML
  Parameters: {"page"=>"2"}
Rendered home/index.html.haml within layouts/application (4.4ms)
Completed 200 OK in 9ms (Views: 9.0ms | ActiveRecord: 0.0ms)


Started GET "/?page=2" for 127.0.0.1 at Thu Apr 28 15:51:13 +0100 2011
  Processing by HomeController#index as HTML
  Parameters: {"page"=>"2"}
Rendered home/index.html.haml within layouts/application (5.1ms)
Completed 200 OK in 10ms (Views: 9.6ms | ActiveRecord: 0.0ms)


Started GET "/?page=3" for 127.0.0.1 at Thu Apr 28 15:51:18 +0100 2011
  Processing by HomeController#index as HTML
  Parameters: {"page"=>"3"}
Rendered home/index.html.haml within layouts/application (4.4ms)
Completed 200 OK in 10ms (Views: 9.2ms | ActiveRecord: 0.0ms)


Started GET "/?page=4" for 127.0.0.1 at Thu Apr 28 15:51:19 +0100 2011
  Processing by HomeController#index as HTML
  Parameters: {"page"=>"4"}
Rendered home/index.html.haml within layouts/application (4.6ms)
Completed 200 OK in 10ms (Views: 9.1ms | ActiveRecord: 0.0ms)


Started GET "/?page=5" for 127.0.0.1 at Thu Apr 28 15:51:20 +0100 2011
  Processing by HomeController#index as HTML
  Parameters: {"page"=>"5"}
Rendered home/index.html.haml within layouts/application (4.5ms)
Completed 200 OK in 10ms (Views: 9.2ms | ActiveRecord: 0.0ms)


Started GET "/?page=4" for 127.0.0.1 at Thu Apr 28 15:51:23 +0100 2011
  Processing by HomeController#index as HTML
  Parameters: {"page"=>"4"}
Rendered home/index.html.haml within layouts/application (4.9ms)
Completed 200 OK in 10ms (Views: 9.1ms | ActiveRecord: 0.0ms)


Started GET "/?page=3" for 127.0.0.1 at Thu Apr 28 15:51:23 +0100 2011
  Processing by HomeController#index as HTML
  Parameters: {"page"=>"3"}
Rendered home/index.html.haml within layouts/application (4.4ms)
Completed 200 OK in 10ms (Views: 9.4ms | ActiveRecord: 0.0ms)


Started GET "/?page=2" for 127.0.0.1 at Thu Apr 28 15:51:23 +0100 2011
  Processing by HomeController#index as HTML
  Parameters: {"page"=>"2"}
Rendered home/index.html.haml within layouts/application (4.4ms)
Completed 200 OK in 9ms (Views: 8.9ms | ActiveRecord: 0.0ms)


Started GET "/?page=1" for 127.0.0.1 at Thu Apr 28 15:51:24 +0100 2011
  Processing by HomeController#index as HTML
  Parameters: {"page"=>"1"}
Rendered home/index.html.haml within layouts/application (4.4ms)
Completed 200 OK in 9ms (Views: 8.9ms | ActiveRecord: 0.0ms)


Started GET "/?page=3" for 127.0.0.1 at Thu Apr 28 15:51:25 +0100 2011
  Processing by HomeController#index as HTML
  Parameters: {"page"=>"3"}
Rendered home/index.html.haml within layouts/application (4.7ms)
Completed 200 OK in 10ms (Views: 9.4ms | ActiveRecord: 0.0ms)


Started GET "/?page=4" for 127.0.0.1 at Thu Apr 28 15:51:27 +0100 2011
  Processing by HomeController#index as HTML
  Parameters: {"page"=>"4"}
Rendered home/index.html.haml within layouts/application (4.4ms)
Completed 200 OK in 9ms (Views: 9.1ms | ActiveRecord: 0.0ms)


Started GET "/?page=2" for 127.0.0.1 at Thu Apr 28 15:51:28 +0100 2011
  Processing by HomeController#index as HTML
  Parameters: {"page"=>"2"}
Rendered home/index.html.haml within layouts/application (4.5ms)
Completed 200 OK in 9ms (Views: 8.9ms | ActiveRecord: 0.0ms)


Started GET "/?page=5" for 127.0.0.1 at Thu Apr 28 15:51:29 +0100 2011
  Processing by HomeController#index as HTML
  Parameters: {"page"=>"5"}
Rendered home/index.html.haml within layouts/application (4.7ms)
Completed 200 OK in 10ms (Views: 9.6ms | ActiveRecord: 0.0ms)


Started GET "/" for 127.0.0.1 at Thu Apr 28 15:56:58 +0100 2011
  Processing by HomeController#index as HTML
Rendered home/index.html.haml within layouts/application (4.4ms)
Completed 200 OK in 9ms (Views: 8.8ms | ActiveRecord: 0.0ms)


Started GET "/?page=2" for 127.0.0.1 at Thu Apr 28 15:57:17 +0100 2011
  Processing by HomeController#index as HTML
  Parameters: {"page"=>"2"}
Rendered home/index.html.haml within layouts/application (5.6ms)
Completed 200 OK in 11ms (Views: 10.4ms | ActiveRecord: 0.0ms)


Started GET "/?page=3" for 127.0.0.1 at Thu Apr 28 15:57:18 +0100 2011
  Processing by HomeController#index as HTML
  Parameters: {"page"=>"3"}
Rendered home/index.html.haml within layouts/application (4.4ms)
Completed 200 OK in 10ms (Views: 9.3ms | ActiveRecord: 0.0ms)


Started GET "/?page=4" for 127.0.0.1 at Thu Apr 28 15:57:19 +0100 2011
  Processing by HomeController#index as HTML
  Parameters: {"page"=>"4"}
Rendered home/index.html.haml within layouts/application (4.4ms)
Completed 200 OK in 9ms (Views: 8.6ms | ActiveRecord: 0.0ms)


Started GET "/?page=5" for 127.0.0.1 at Thu Apr 28 15:57:20 +0100 2011
  Processing by HomeController#index as HTML
  Parameters: {"page"=>"5"}
Rendered home/index.html.haml within layouts/application (4.6ms)
Completed 200 OK in 10ms (Views: 9.2ms | ActiveRecord: 0.0ms)


Started GET "/?page=4" for 127.0.0.1 at Thu Apr 28 15:57:22 +0100 2011
  Processing by HomeController#index as HTML
  Parameters: {"page"=>"4"}
Rendered home/index.html.haml within layouts/application (4.7ms)
Completed 200 OK in 10ms (Views: 9.2ms | ActiveRecord: 0.0ms)


Started GET "/?page=3" for 127.0.0.1 at Thu Apr 28 15:57:23 +0100 2011
  Processing by HomeController#index as HTML
  Parameters: {"page"=>"3"}
Rendered home/index.html.haml within layouts/application (4.4ms)
Completed 200 OK in 9ms (Views: 9.1ms | ActiveRecord: 0.0ms)


Started GET "/?page=2" for 127.0.0.1 at Thu Apr 28 15:57:23 +0100 2011
  Processing by HomeController#index as HTML
  Parameters: {"page"=>"2"}
Rendered home/index.html.haml within layouts/application (4.5ms)
Completed 200 OK in 9ms (Views: 8.9ms | ActiveRecord: 0.0ms)


Started GET "/?page=1" for 127.0.0.1 at Thu Apr 28 15:57:23 +0100 2011
  Processing by HomeController#index as HTML
  Parameters: {"page"=>"1"}
Rendered home/index.html.haml within layouts/application (7.6ms)
Completed 200 OK in 15ms (Views: 13.6ms | ActiveRecord: 0.0ms)


Started GET "/?page=4" for 127.0.0.1 at Thu Apr 28 16:02:26 +0100 2011
  Processing by HomeController#index as HTML
  Parameters: {"page"=>"4"}
Rendered home/index.html.haml within layouts/application (4.4ms)
Completed 200 OK in 9ms (Views: 8.9ms | ActiveRecord: 0.0ms)


Started GET "/?page=5" for 127.0.0.1 at Thu Apr 28 16:15:42 +0100 2011
  Processing by HomeController#index as HTML
  Parameters: {"page"=>"5"}
Rendered home/index.html.haml within layouts/application (4.6ms)
Completed 200 OK in 10ms (Views: 9.3ms | ActiveRecord: 0.0ms)


Started GET "/?page=1" for 127.0.0.1 at Thu Apr 28 16:22:03 +0100 2011
  Processing by HomeController#index as HTML
  Parameters: {"page"=>"1"}
Rendered home/index.html.haml within layouts/application (4.8ms)
Completed 200 OK in 11ms (Views: 10.3ms | ActiveRecord: 0.0ms)


Started GET "/?page=4" for 127.0.0.1 at Thu Apr 28 16:25:15 +0100 2011
  Processing by HomeController#index as HTML
  Parameters: {"page"=>"4"}
Rendered home/index.html.haml within layouts/application (52.4ms)
Completed 200 OK in 58ms (Views: 57.2ms | ActiveRecord: 0.0ms)


Started GET "/?page=5" for 127.0.0.1 at Thu Apr 28 16:25:16 +0100 2011
  Processing by HomeController#index as HTML
  Parameters: {"page"=>"5"}
Rendered home/index.html.haml within layouts/application (4.7ms)
Completed 200 OK in 10ms (Views: 9.5ms | ActiveRecord: 0.0ms)


Started GET "/?page=5" for 127.0.0.1 at Thu Apr 28 16:27:58 +0100 2011
  Processing by HomeController#index as HTML
  Parameters: {"page"=>"5"}
Rendered home/index.html.haml within layouts/application (4.6ms)
Completed 200 OK in 10ms (Views: 9.4ms | ActiveRecord: 0.0ms)


Started GET "/?page=1" for 127.0.0.1 at Thu Apr 28 16:28:31 +0100 2011
  Processing by HomeController#index as HTML
  Parameters: {"page"=>"1"}
Rendered home/index.html.haml within layouts/application (4.0ms)
Completed 200 OK in 9ms (Views: 8.5ms | ActiveRecord: 0.0ms)


Started GET "/?page=2" for 127.0.0.1 at Thu Apr 28 16:28:33 +0100 2011
  Processing by HomeController#index as HTML
  Parameters: {"page"=>"2"}
Rendered home/index.html.haml within layouts/application (5.1ms)
Completed 200 OK in 10ms (Views: 9.6ms | ActiveRecord: 0.0ms)


Started GET "/?page=3" for 127.0.0.1 at Thu Apr 28 16:28:34 +0100 2011
  Processing by HomeController#index as HTML
  Parameters: {"page"=>"3"}
Rendered home/index.html.haml within layouts/application (4.5ms)
Completed 200 OK in 10ms (Views: 9.1ms | ActiveRecord: 0.0ms)


Started GET "/?page=4" for 127.0.0.1 at Thu Apr 28 16:28:34 +0100 2011
  Processing by HomeController#index as HTML
  Parameters: {"page"=>"4"}
Rendered home/index.html.haml within layouts/application (6.4ms)
Completed 200 OK in 12ms (Views: 11.7ms | ActiveRecord: 0.0ms)


Started GET "/?page=5" for 127.0.0.1 at Thu Apr 28 16:49:48 +0100 2011
  Processing by HomeController#index as HTML
  Parameters: {"page"=>"5"}
Rendered home/index.html.haml within layouts/application (4.5ms)
Completed 200 OK in 10ms (Views: 9.8ms | ActiveRecord: 0.0ms)


Started GET "/?page=1" for 127.0.0.1 at Thu Apr 28 16:49:49 +0100 2011
  Processing by HomeController#index as HTML
  Parameters: {"page"=>"1"}
Rendered home/index.html.haml within layouts/application (4.3ms)
Completed 200 OK in 9ms (Views: 8.9ms | ActiveRecord: 0.0ms)


Started GET "/?page=1" for 127.0.0.1 at Thu Apr 28 17:23:28 +0100 2011
  Processing by HomeController#index as HTML
  Parameters: {"page"=>"1"}
Rendered home/index.html.haml within layouts/application (4.4ms)
Completed 200 OK in 10ms (Views: 9.6ms | ActiveRecord: 0.0ms)


Started GET "/?page=4" for 127.0.0.1 at Thu Apr 28 17:23:30 +0100 2011
  Processing by HomeController#index as HTML
  Parameters: {"page"=>"4"}
Rendered home/index.html.haml within layouts/application (4.5ms)
Completed 200 OK in 10ms (Views: 9.5ms | ActiveRecord: 0.0ms)


Started GET "/?page=5" for 127.0.0.1 at Thu Apr 28 17:23:30 +0100 2011
  Processing by HomeController#index as HTML
  Parameters: {"page"=>"5"}
Rendered home/index.html.haml within layouts/application (59.0ms)
Completed 200 OK in 64ms (Views: 63.5ms | ActiveRecord: 0.0ms)


Started GET "/?page=3" for 127.0.0.1 at Thu Apr 28 17:23:32 +0100 2011
  Processing by HomeController#index as HTML
  Parameters: {"page"=>"3"}
Rendered home/index.html.haml within layouts/application (5.0ms)
Completed 200 OK in 10ms (Views: 9.9ms | ActiveRecord: 0.0ms)


Started GET "/?page=4" for 127.0.0.1 at Thu Apr 28 17:23:33 +0100 2011
  Processing by HomeController#index as HTML
  Parameters: {"page"=>"4"}
Rendered home/index.html.haml within layouts/application (5.0ms)
Completed 200 OK in 10ms (Views: 9.5ms | ActiveRecord: 0.0ms)


Started GET "/?page=3" for 127.0.0.1 at Thu Apr 28 17:24:47 +0100 2011
  Processing by HomeController#index as HTML
  Parameters: {"page"=>"3"}
Rendered home/index.html.haml within layouts/application (4.6ms)
Completed 200 OK in 10ms (Views: 9.2ms | ActiveRecord: 0.0ms)


Started GET "/" for 127.0.0.1 at Thu Apr 28 17:24:49 +0100 2011
  Processing by HomeController#index as HTML
Rendered home/index.html.haml within layouts/application (4.1ms)
Completed 200 OK in 9ms (Views: 8.2ms | ActiveRecord: 0.0ms)


Started GET "/?page=2" for 127.0.0.1 at Thu Apr 28 17:24:52 +0100 2011
  Processing by HomeController#index as HTML
  Parameters: {"page"=>"2"}
Rendered home/index.html.haml within layouts/application (56.1ms)
Completed 200 OK in 61ms (Views: 60.5ms | ActiveRecord: 0.0ms)


Started GET "/?page=3" for 127.0.0.1 at Thu Apr 28 17:24:53 +0100 2011
  Processing by HomeController#index as HTML
  Parameters: {"page"=>"3"}
Rendered home/index.html.haml within layouts/application (4.9ms)
Completed 200 OK in 10ms (Views: 9.6ms | ActiveRecord: 0.0ms)


Started GET "/?page=5" for 127.0.0.1 at Thu Apr 28 17:24:55 +0100 2011
  Processing by HomeController#index as HTML
  Parameters: {"page"=>"5"}
Rendered home/index.html.haml within layouts/application (4.4ms)
Completed 200 OK in 9ms (Views: 8.9ms | ActiveRecord: 0.0ms)


Started GET "/" for 127.0.0.1 at Thu Apr 28 17:25:11 +0100 2011
  Processing by HomeController#index as HTML
Rendered home/index.html.haml within layouts/application (4.7ms)
Completed 200 OK in 10ms (Views: 9.1ms | ActiveRecord: 0.0ms)


Started GET "/" for 127.0.0.1 at Fri Apr 29 09:23:25 +0100 2011
  Processing by HomeController#index as HTML
Rendered home/index.html.haml within layouts/application (4.2ms)
Completed 200 OK in 9ms (Views: 8.7ms | ActiveRecord: 0.0ms)


Started GET "/" for 127.0.0.1 at Fri Apr 29 09:26:31 +0100 2011
  Processing by HomeController#index as HTML
Rendered home/index.html.haml within layouts/application (4.7ms)
Completed 200 OK in 10ms (Views: 9.2ms | ActiveRecord: 0.0ms)


Started GET "/" for 127.0.0.1 at Fri Apr 29 09:26:52 +0100 2011
  Processing by HomeController#index as HTML
Rendered home/index.html.haml within layouts/application (4.5ms)
Completed 200 OK in 10ms (Views: 9.3ms | ActiveRecord: 0.0ms)
  [1m[36mSQL (0.2ms)[0m  [1m SELECT name
 FROM sqlite_master
 WHERE type = 'table' AND NOT name = 'sqlite_sequence'
[0m
  [1m[35mSQL (0.1ms)[0m  select sqlite_version(*)
  [1m[36mSQL (2.4ms)[0m  [1mCREATE TABLE "schema_migrations" ("version" varchar(255) NOT NULL) [0m
  [1m[35mSQL (0.0ms)[0m  PRAGMA index_list("schema_migrations")
  [1m[36mSQL (1.0ms)[0m  [1mCREATE UNIQUE INDEX "unique_schema_migrations" ON "schema_migrations" ("version")[0m
  [1m[35mSQL (0.1ms)[0m   SELECT name
 FROM sqlite_master
 WHERE type = 'table' AND NOT name = 'sqlite_sequence'
  [1m[36mSQL (0.1ms)[0m  [1m SELECT name
 FROM sqlite_master
 WHERE type = 'table' AND NOT name = 'sqlite_sequence'
[0m
  [1m[35mSQL (0.1ms)[0m  SELECT "schema_migrations"."version" FROM "schema_migrations"
  [1m[36mSQL (0.3ms)[0m  [1m SELECT name
 FROM sqlite_master
 WHERE type = 'table' AND NOT name = 'sqlite_sequence'
[0m
  [1m[35mSQL (0.1ms)[0m   SELECT name
 FROM sqlite_master
 WHERE type = 'table' AND NOT name = 'sqlite_sequence'
  [1m[36mSQL (0.1ms)[0m  [1mSELECT "schema_migrations"."version" FROM "schema_migrations"[0m
  [1m[36mSQL (0.3ms)[0m  [1m SELECT name
 FROM sqlite_master
 WHERE type = 'table' AND NOT name = 'sqlite_sequence'
[0m
  [1m[35mSQL (0.1ms)[0m   SELECT name
 FROM sqlite_master
 WHERE type = 'table' AND NOT name = 'sqlite_sequence'
  [1m[36mSQL (0.1ms)[0m  [1mSELECT "schema_migrations"."version" FROM "schema_migrations"[0m
Migrating to CreateProducts (20110428135614)
  [1m[35mSQL (0.0ms)[0m  select sqlite_version(*)
  [1m[36mSQL (0.5ms)[0m  [1mCREATE TABLE "products" ("id" INTEGER PRIMARY KEY AUTOINCREMENT NOT NULL, "name" varchar(255), "created_at" datetime, "updated_at" datetime) [0m
  [1m[35mSQL (0.1ms)[0m  INSERT INTO "schema_migrations" ("version") VALUES ('20110428135614')
  [1m[36mSQL (0.1ms)[0m  [1m SELECT name
 FROM sqlite_master
 WHERE type = 'table' AND NOT name = 'sqlite_sequence'
[0m
  [1m[35mSQL (0.1ms)[0m  SELECT "schema_migrations"."version" FROM "schema_migrations"
  [1m[36mSQL (0.1ms)[0m  [1m SELECT name
 FROM sqlite_master
 WHERE type = 'table' AND NOT name = 'sqlite_sequence'
[0m
  [1m[35mSQL (0.0ms)[0m  PRAGMA index_list("products")
  [1m[36mSQL (0.3ms)[0m  [1m SELECT name
 FROM sqlite_master
 WHERE type = 'table' AND NOT name = 'sqlite_sequence'
[0m
  [1m[35mSQL (0.1ms)[0m   SELECT name
 FROM sqlite_master
 WHERE type = 'table' AND NOT name = 'sqlite_sequence'
  [1m[36mSQL (0.1ms)[0m  [1mSELECT "schema_migrations"."version" FROM "schema_migrations"[0m
  [1m[35mSQL (0.1ms)[0m  select sqlite_version(*)
  [1m[36mSQL (0.1ms)[0m  [1m SELECT name
 FROM sqlite_master
 WHERE type = 'table' AND NOT name = 'sqlite_sequence'
[0m
  [1m[35mSQL (2.6ms)[0m  CREATE TABLE "products" ("id" INTEGER PRIMARY KEY AUTOINCREMENT NOT NULL, "name" varchar(255), "created_at" datetime, "updated_at" datetime) 
  [1m[36mSQL (0.1ms)[0m  [1m SELECT name
 FROM sqlite_master
 WHERE type = 'table' AND NOT name = 'sqlite_sequence'
[0m
  [1m[35mSQL (1.2ms)[0m  CREATE TABLE "schema_migrations" ("version" varchar(255) NOT NULL) 
  [1m[36mSQL (0.0ms)[0m  [1mPRAGMA index_list("schema_migrations")[0m
  [1m[35mSQL (1.0ms)[0m  CREATE UNIQUE INDEX "unique_schema_migrations" ON "schema_migrations" ("version")
  [1m[36mSQL (0.1ms)[0m  [1m SELECT name
 FROM sqlite_master
 WHERE type = 'table' AND NOT name = 'sqlite_sequence'
[0m
  [1m[35mSQL (0.1ms)[0m  SELECT version FROM "schema_migrations"
  [1m[36mSQL (1.2ms)[0m  [1mINSERT INTO "schema_migrations" (version) VALUES ('20110428135614')[0m
  [1m[36mSQL (0.4ms)[0m  [1m SELECT name
 FROM sqlite_master
 WHERE type = 'table' AND NOT name = 'sqlite_sequence'
[0m
  [1m[35mSQL (0.1ms)[0m   SELECT name
 FROM sqlite_master
 WHERE type = 'table' AND NOT name = 'sqlite_sequence'
  [1m[36mSQL (0.1ms)[0m  [1mSELECT "schema_migrations"."version" FROM "schema_migrations"[0m
  [1m[35mSQL (0.1ms)[0m  select sqlite_version(*)
  [1m[36mSQL (0.1ms)[0m  [1m SELECT name
 FROM sqlite_master
 WHERE type = 'table' AND NOT name = 'sqlite_sequence'
[0m
  [1m[35mSQL (1.5ms)[0m  CREATE TABLE "products" ("id" INTEGER PRIMARY KEY AUTOINCREMENT NOT NULL, "name" varchar(255), "created_at" datetime, "updated_at" datetime) 
  [1m[36mSQL (0.1ms)[0m  [1m SELECT name
 FROM sqlite_master
 WHERE type = 'table' AND NOT name = 'sqlite_sequence'
[0m
  [1m[35mSQL (1.2ms)[0m  CREATE TABLE "schema_migrations" ("version" varchar(255) NOT NULL) 
  [1m[36mSQL (0.0ms)[0m  [1mPRAGMA index_list("schema_migrations")[0m
  [1m[35mSQL (1.1ms)[0m  CREATE UNIQUE INDEX "unique_schema_migrations" ON "schema_migrations" ("version")
  [1m[36mSQL (0.1ms)[0m  [1m SELECT name
 FROM sqlite_master
 WHERE type = 'table' AND NOT name = 'sqlite_sequence'
[0m
  [1m[35mSQL (0.1ms)[0m  SELECT version FROM "schema_migrations"
  [1m[36mSQL (0.8ms)[0m  [1mINSERT INTO "schema_migrations" (version) VALUES ('20110428135614')[0m
